[debug] [2022-08-30T20:40:22.938Z] ----------------------------------------------------------------------
[debug] [2022-08-30T20:40:22.939Z] Command:       C:\Program Files\nodejs\node.exe C:\Users\Basse\AppData\Roaming\npm\node_modules\firebase-tools\lib\bin\firebase.js deploy
[debug] [2022-08-30T20:40:22.940Z] CLI Version:   11.8.0
[debug] [2022-08-30T20:40:22.940Z] Platform:      win32
[debug] [2022-08-30T20:40:22.940Z] Node Version:  v16.16.0
[debug] [2022-08-30T20:40:22.941Z] Time:          Tue Aug 30 2022 17:40:22 GMT-0300 (hora estándar de Argentina)
[debug] [2022-08-30T20:40:22.941Z] ----------------------------------------------------------------------
[debug] 
[debug] [2022-08-30T20:40:23.005Z] > command requires scopes: ["email","openid","https://www.googleapis.com/auth/cloudplatformprojects.readonly","https://www.googleapis.com/auth/firebase","https://www.googleapis.com/auth/cloud-platform"]
[debug] [2022-08-30T20:40:23.005Z] > authorizing via signed-in user (mazunikseba@gmail.com)
[debug] [2022-08-30T20:40:23.005Z] [iam] checking project frontendsm for permissions ["firebase.projects.get","firebasehosting.sites.update"]
[debug] [2022-08-30T20:40:23.008Z] >>> [apiv2][query] POST https://cloudresourcemanager.googleapis.com/v1/projects/frontendsm:testIamPermissions [none]
[debug] [2022-08-30T20:40:23.008Z] >>> [apiv2][(partial)header] POST https://cloudresourcemanager.googleapis.com/v1/projects/frontendsm:testIamPermissions x-goog-quota-user=projects/frontendsm
[debug] [2022-08-30T20:40:23.008Z] >>> [apiv2][body] POST https://cloudresourcemanager.googleapis.com/v1/projects/frontendsm:testIamPermissions {"permissions":["firebase.projects.get","firebasehosting.sites.update"]}
[debug] [2022-08-30T20:40:24.013Z] <<< [apiv2][status] POST https://cloudresourcemanager.googleapis.com/v1/projects/frontendsm:testIamPermissions 200
[debug] [2022-08-30T20:40:24.013Z] <<< [apiv2][body] POST https://cloudresourcemanager.googleapis.com/v1/projects/frontendsm:testIamPermissions {"permissions":["firebase.projects.get","firebasehosting.sites.update"]}
[debug] [2022-08-30T20:40:24.014Z] >>> [apiv2][query] GET https://firebase.googleapis.com/v1beta1/projects/frontendsm [none]
[debug] [2022-08-30T20:40:24.477Z] <<< [apiv2][status] GET https://firebase.googleapis.com/v1beta1/projects/frontendsm 200
[debug] [2022-08-30T20:40:24.478Z] <<< [apiv2][body] GET https://firebase.googleapis.com/v1beta1/projects/frontendsm {"projectId":"frontendsm","projectNumber":"653479958553","displayName":"frontendsm","name":"projects/frontendsm","resources":{"hostingSite":"frontendsm"},"state":"ACTIVE","etag":"1_c093baff-7844-4d22-aa96-1bbdccd0b5cc"}
[info] 
[info] === Deploying to 'frontendsm'...
[info] 
[info] i  deploying hosting 
[debug] [2022-08-30T20:40:24.480Z] >>> [apiv2][query] GET https://firebase.googleapis.com/v1beta1/projects/frontendsm [none]
[debug] [2022-08-30T20:40:25.575Z] <<< [apiv2][status] GET https://firebase.googleapis.com/v1beta1/projects/frontendsm 200
[debug] [2022-08-30T20:40:25.576Z] <<< [apiv2][body] GET https://firebase.googleapis.com/v1beta1/projects/frontendsm {"projectId":"frontendsm","projectNumber":"653479958553","displayName":"frontendsm","name":"projects/frontendsm","resources":{"hostingSite":"frontendsm"},"state":"ACTIVE","etag":"1_c093baff-7844-4d22-aa96-1bbdccd0b5cc"}
[debug] [2022-08-30T20:40:25.578Z] >>> [apiv2][query] POST https://firebasehosting.googleapis.com/v1beta1/projects/653479958553/sites/frontendsm/versions [none]
[debug] [2022-08-30T20:40:25.578Z] >>> [apiv2][body] POST https://firebasehosting.googleapis.com/v1beta1/projects/653479958553/sites/frontendsm/versions {"config":{"rewrites":[{"glob":"**","path":"/index.html"}]},"labels":{"deployment-tool":"cli-firebase"}}
[debug] [2022-08-30T20:40:27.182Z] <<< [apiv2][status] POST https://firebasehosting.googleapis.com/v1beta1/projects/653479958553/sites/frontendsm/versions 200
[debug] [2022-08-30T20:40:27.182Z] <<< [apiv2][body] POST https://firebasehosting.googleapis.com/v1beta1/projects/653479958553/sites/frontendsm/versions {"name":"projects/653479958553/sites/frontendsm/versions/b88b660ef5f12592","status":"CREATED","config":{"rewrites":[{"glob":"**","path":"/index.html"}]},"labels":{"deployment-tool":"cli-firebase"}}
[info] i  hosting[frontendsm]: beginning deploy... 
[info] i  hosting[frontendsm]: found 25 files in dist/portfolio 
[debug] [2022-08-30T20:40:27.194Z] [hosting] uploading with 200 concurrency
[debug] [2022-08-30T20:40:27.200Z] [hosting] hash cache [ZGlzdFxwb3J0Zm9saW8] stored for 25 files
[debug] [2022-08-30T20:40:27.200Z] [hosting][hash queue][FINAL] {"max":3,"min":1,"avg":1,"active":0,"complete":25,"success":25,"errored":0,"retried":0,"total":25,"elapsed":4}
[debug] [2022-08-30T20:40:27.201Z] >>> [apiv2][query] POST https://firebasehosting.googleapis.com/v1beta1/projects/653479958553/sites/frontendsm/versions/b88b660ef5f12592:populateFiles [none]
[debug] [2022-08-30T20:40:27.201Z] >>> [apiv2][body] POST https://firebasehosting.googleapis.com/v1beta1/projects/653479958553/sites/frontendsm/versions/b88b660ef5f12592:populateFiles {"files":{"/3rdpartylicenses.txt":"fab62faeca16e49a66fe6acc9d4652960e52eabaa8f05e6082eb3c294564d8f2","/favicon.ico":"2c19690e9587bae12f419b34d2edeecc76808099540a9c9f4ea6194116cfc8f7","/index.html":"a4ed2eee311d13dec83bc855347735cde3c35cfb840827b4e36f1bc5ed002b3f","/main.c3fb7b056b87ab95.js":"493153b8012d5642c1f94ca27418ead6531fe269dd9144a67cf2df961f843254","/polyfills.dde53a8b38f55e6c.js":"244038db1e78e05fde4492db0be483d21864c15e1d2c6794b10de72b9ceca22a","/runtime.bfffc5951bcf4bf4.js":"f7ab5931b4209595793c870317a1cd80f16426df497d6006f41a93c83b9bc355","/scripts.3ab7b00d5fc3ec38.js":"5fdb106f6ae0612c0134c2480eefe84ef4416f4c885279cb431bc23657f5a5b0","/styles.1373a6848517854d.css":"5ca953f3495601adb91dd7ef21e449495e02af2bdf155c2355f204e7a0c09b18","/assets/aeducacion.jpg":"9efc516cd790ce1556f8d5f9683e333fa27071ce5af836a57fd8f41206adf73d","/assets/APLogo.png":"6ff79476d7e1a3d0fa0bb862b21f83dbfcf7a9df27c570c93a7d2da6a486d155","/assets/facebook.png":"3d6c9fbf82fc0a38594c68aef4ce69704ed1ed5603b358c8598ce31309ed77f9","/assets/Foto-481-2.jpg":"69267b72f3d4338c2421c0f9d97e40e7ef27ffc3861c25b97b12dbaa417b88e4","/assets/Foto-623.jpg":"360ac05dcfc0ff34e5edc48b476ccf1465b3d8e2e75e06848899a3a7b52a9306","/assets/github.png":"d6efaed513d18639e2e91a5c638ad8e271417ebde2e8ce53179a029f90bf7584","/assets/instagram.png":"c6f5a6d14629928c1059435c393cbe3e29fbbf3df364d735ebf8961c7924e10a","/assets/linkedin.png":"fa0d583ea7335608e67cae59b41383548963274e78671aafadca2d8f210521a0","/assets/login.jpg":"936d5cdfd9bbb367ef0294dcbff82f27672fd0743c010f684b91ede7c79442bd","/assets/Perfil.jpg":"b7e3dea765c7ffe9efefab53a705865a17a3344de11a2260906e0890f5288ff3","/assets/twitter.png":"3f1f4da14db21a71be370421173a568f3a5b46ac6e148abf7adf8d82b67e3b31","/assets/iconos/CSS.png":"efec2e13c95c5e6954909d590e1232bb502a96e3a6d18ffe67c5ace60e3fb753","/assets/iconos/eng.png":"1044fad9c74309ed683ee329123b11e9e9a0081978e9e2e9122ced6573db2678","/assets/iconos/git.png":"274df56f1050aa3d4c5f750a6ff4cd7db207a312fa9173268a5714918a8f147c","/assets/iconos/grupal.png":"12dcd5a7126e5ba7cdca21d7c164ca15fcd846d3cdda6d860f4d8eddda902b87","/assets/iconos/html.png":"d0347633c331cc6fbd525427f58bee8d76353e8ac7065b46548958b128e91fbb","/assets/iconos/js.png":"14b60b5b3a039adf051d035aed0bd0c506d4c3a62e4ff24ec09c6b0bf3841130"}}
[debug] [2022-08-30T20:40:28.374Z] <<< [apiv2][status] POST https://firebasehosting.googleapis.com/v1beta1/projects/653479958553/sites/frontendsm/versions/b88b660ef5f12592:populateFiles 200
[debug] [2022-08-30T20:40:28.374Z] <<< [apiv2][body] POST https://firebasehosting.googleapis.com/v1beta1/projects/653479958553/sites/frontendsm/versions/b88b660ef5f12592:populateFiles {"uploadRequiredHashes":["69267b72f3d4338c2421c0f9d97e40e7ef27ffc3861c25b97b12dbaa417b88e4","360ac05dcfc0ff34e5edc48b476ccf1465b3d8e2e75e06848899a3a7b52a9306","936d5cdfd9bbb367ef0294dcbff82f27672fd0743c010f684b91ede7c79442bd"],"uploadUrl":"https://upload-firebasehosting.googleapis.com/upload/sites/frontendsm/versions/b88b660ef5f12592/files"}
[debug] [2022-08-30T20:40:28.376Z] >>> [apiv2][query] POST https://upload-firebasehosting.googleapis.com/upload/sites/frontendsm/versions/b88b660ef5f12592/files/69267b72f3d4338c2421c0f9d97e40e7ef27ffc3861c25b97b12dbaa417b88e4 [none]
[debug] [2022-08-30T20:40:28.376Z] >>> [apiv2][body] POST https://upload-firebasehosting.googleapis.com/upload/sites/frontendsm/versions/b88b660ef5f12592/files/69267b72f3d4338c2421c0f9d97e40e7ef27ffc3861c25b97b12dbaa417b88e4 [stream]
[debug] [2022-08-30T20:40:28.377Z] >>> [apiv2][query] POST https://upload-firebasehosting.googleapis.com/upload/sites/frontendsm/versions/b88b660ef5f12592/files/360ac05dcfc0ff34e5edc48b476ccf1465b3d8e2e75e06848899a3a7b52a9306 [none]
[debug] [2022-08-30T20:40:28.377Z] >>> [apiv2][body] POST https://upload-firebasehosting.googleapis.com/upload/sites/frontendsm/versions/b88b660ef5f12592/files/360ac05dcfc0ff34e5edc48b476ccf1465b3d8e2e75e06848899a3a7b52a9306 [stream]
[debug] [2022-08-30T20:40:28.377Z] >>> [apiv2][query] POST https://upload-firebasehosting.googleapis.com/upload/sites/frontendsm/versions/b88b660ef5f12592/files/936d5cdfd9bbb367ef0294dcbff82f27672fd0743c010f684b91ede7c79442bd [none]
[debug] [2022-08-30T20:40:28.378Z] >>> [apiv2][body] POST https://upload-firebasehosting.googleapis.com/upload/sites/frontendsm/versions/b88b660ef5f12592/files/936d5cdfd9bbb367ef0294dcbff82f27672fd0743c010f684b91ede7c79442bd [stream]
[debug] [2022-08-30T20:40:28.378Z] [hosting][populate queue][FINAL] {"max":1177,"min":1177,"avg":1177,"active":0,"complete":1,"success":1,"errored":0,"retried":0,"total":1,"elapsed":1179}
[debug] [2022-08-30T20:40:28.378Z] [hosting] uploads queued: 3
[debug] [2022-08-30T20:42:04.084Z] [uploadQueue] Retrying task 69267b72f3d4338c2421c0f9d97e40e7ef27ffc3861c25b97b12dbaa417b88e4
[debug] [2022-08-30T20:42:04.085Z] >>> [apiv2][query] POST https://upload-firebasehosting.googleapis.com/upload/sites/frontendsm/versions/b88b660ef5f12592/files/69267b72f3d4338c2421c0f9d97e40e7ef27ffc3861c25b97b12dbaa417b88e4 [none]
[debug] [2022-08-30T20:42:04.085Z] >>> [apiv2][body] POST https://upload-firebasehosting.googleapis.com/upload/sites/frontendsm/versions/b88b660ef5f12592/files/69267b72f3d4338c2421c0f9d97e40e7ef27ffc3861c25b97b12dbaa417b88e4 [stream]
